<?xml version="1.0" encoding="UTF-8"?>
<!-- Generated by org.testng.reporters.JUnitReportReporter -->
<testsuite hostname="ABHISHEKs-MacBook-Air.local" failures="0" tests="1" name="selenium.OS_Name_Version_Archetecture" time="0.012" errors="0" timestamp="2024-09-23T23:33:24 IST" skipped="0">
  <testcase classname="selenium.OS_Name_Version_Archetecture" name="os_Name_Version_Archetecture" time="0.012"/>
  <system-out/>
</testsuite> <!-- selenium.OS_Name_Version_Archetecture -->
