<?xml version="1.0" encoding="UTF-8"?>
<!-- Generated by org.testng.reporters.JUnitReportReporter -->
<testsuite hostname="ABHISHEKs-MacBook-Air.local" failures="0" tests="1" name="program.ReverseString_With_Condition" time="0.006" errors="0" timestamp="2024-09-16T00:32:50 IST" skipped="0">
  <testcase classname="program.ReverseString_With_Condition" name="reverseString" time="0.006"/>
  <system-out/>
</testsuite> <!-- program.ReverseString_With_Condition -->
