<?xml version="1.0" encoding="UTF-8"?>
<!-- Generated by org.testng.reporters.JUnitReportReporter -->
<testsuite hostname="ABHISHEKs-MacBook-Air.local" failures="0" tests="1" name="program.Iterate_HashMap" time="0.001" errors="0" timestamp="2024-09-15T09:03:59 IST" skipped="0">
  <testcase classname="program.Iterate_HashMap" name="iterateMap" time="0.001"/>
  <system-out/>
</testsuite> <!-- program.Iterate_HashMap -->
