<?xml version="1.0" encoding="UTF-8"?>
<!-- Generated by org.testng.reporters.JUnitReportReporter -->
<testsuite hostname="ABHISHEKs-MacBook-Air.local" failures="0" tests="1" name="selenium.Window_Handling" time="102.872" errors="0" timestamp="2024-09-17T00:39:04 IST" skipped="0">
  <testcase classname="selenium.Window_Handling" name="window_Handling" time="102.872"/>
  <system-out/>
</testsuite> <!-- selenium.Window_Handling -->
