<?xml version="1.0" encoding="UTF-8"?>
<!-- Generated by org.testng.reporters.JUnitReportReporter -->
<testsuite hostname="ABHISHEKs-MacBook-Air.local" failures="0" tests="1" name="program.Highest_And_Lowest_From_Array" time="0.002" errors="0" timestamp="2024-09-15T09:03:59 IST" skipped="0">
  <testcase classname="program.Highest_And_Lowest_From_Array" name="findHighestAndLowest" time="0.002"/>
  <system-out/>
</testsuite> <!-- program.Highest_And_Lowest_From_Array -->
