<?xml version="1.0" encoding="UTF-8"?>
<!-- Generated by org.testng.reporters.JUnitReportReporter -->
<testsuite hostname="ABHISHEKs-MacBook-Air.local" failures="0" tests="1" name="program.Count_NumberOdCharacter_In_String" time="0.006" errors="0" timestamp="2024-04-25T15:27:44 IST" skipped="0">
  <testcase classname="program.Count_NumberOdCharacter_In_String" name="countChar" time="0.006"/>
  <system-out/>
</testsuite> <!-- program.Count_NumberOdCharacter_In_String -->
