<?xml version="1.0" encoding="UTF-8"?>
<!-- Generated by org.testng.reporters.JUnitReportReporter -->
<testsuite hostname="ABHISHEKs-MacBook-Air.local" failures="0" tests="1" name="selenium.Headless_Browsing" time="8.460" errors="0" timestamp="2024-09-15T09:03:59 IST" skipped="0">
  <testcase classname="selenium.Headless_Browsing" name="headless" time="8.460"/>
  <system-out/>
</testsuite> <!-- selenium.Headless_Browsing -->
