<?xml version="1.0" encoding="UTF-8"?>
<!-- Generated by org.testng.reporters.JUnitReportReporter -->
<testsuite hostname="ABHISHEKs-MacBook-Air.local" failures="0" tests="1" name="selenium.ActionsClass" time="72.872" errors="0" timestamp="2024-09-23T23:28:49 IST" skipped="0">
  <testcase classname="selenium.ActionsClass" name="actionClassTest" time="72.872"/>
  <system-out/>
</testsuite> <!-- selenium.ActionsClass -->
