<?xml version="1.0" encoding="UTF-8"?>
<!-- Generated by org.testng.reporters.JUnitReportReporter -->
<testsuite hostname="ABHISHEKs-MacBook-Air.local" failures="0" tests="1" name="program.Sorting_Array" time="0.004" errors="0" timestamp="2024-09-16T00:04:50 IST" skipped="0">
  <testcase classname="program.Sorting_Array" name="sortArray" time="0.004"/>
  <system-out/>
</testsuite> <!-- program.Sorting_Array -->
