<?xml version="1.0" encoding="UTF-8"?>
<!-- Generated by org.testng.reporters.JUnitReportReporter -->
<testsuite hostname="ABHISHEKs-MacBook-Air.local" failures="0" tests="1" name="program.Count_NumberOfCharacter_In_String" time="0.005" errors="0" timestamp="2024-09-15T23:03:43 IST" skipped="0">
  <testcase classname="program.Count_NumberOfCharacter_In_String" name="countChar" time="0.005"/>
  <system-out/>
</testsuite> <!-- program.Count_NumberOfCharacter_In_String -->
