<?xml version="1.0" encoding="UTF-8"?>
<!-- Generated by org.testng.reporters.JUnitReportReporter -->
<testsuite hostname="ABHISHEKs-MacBook-Air.local" failures="0" tests="1" name="selenium.Fluent" time="8.245" errors="0" timestamp="2024-09-25T22:37:16 IST" skipped="0">
  <testcase classname="selenium.Fluent" name="fluentWait" time="8.245"/>
  <system-out/>
</testsuite> <!-- selenium.Fluent -->
