<?xml version="1.0" encoding="UTF-8"?>
<!-- Generated by org.testng.reporters.JUnitReportReporter -->
<testsuite hostname="ABHISHEKs-MacBook-Air.local" failures="0" tests="1" name="selenium.ExplicitWait" time="4.747" errors="0" timestamp="2024-09-17T00:49:46 IST" skipped="0">
  <testcase classname="selenium.ExplicitWait" name="ExplicitWait_Method" time="4.747"/>
  <system-out/>
</testsuite> <!-- selenium.ExplicitWait -->
