<?xml version="1.0" encoding="UTF-8"?>
<!-- Generated by org.testng.reporters.JUnitReportReporter -->
<testsuite hostname="ABHISHEKs-MacBook-Air.local" failures="0" tests="1" name="program.String_Program" time="0.004" errors="0" timestamp="2024-09-22T11:06:46 IST" skipped="0">
  <testcase classname="program.String_Program" name="stringProgram" time="0.004"/>
  <system-out/>
</testsuite> <!-- program.String_Program -->
