<?xml version="1.0" encoding="UTF-8"?>
<!-- Generated by org.testng.reporters.JUnitReportReporter -->
<testsuite hostname="ABHISHEKs-MacBook-Air.local" failures="0" tests="1" name="program.Fibonacci_Series" time="0.005" errors="0" timestamp="2024-09-23T21:30:14 IST" skipped="0">
  <testcase classname="program.Fibonacci_Series" name="stringProgram" time="0.005"/>
  <system-out/>
</testsuite> <!-- program.Fibonacci_Series -->
