<?xml version="1.0" encoding="UTF-8"?>
<!-- Generated by org.testng.reporters.JUnitReportReporter -->
<testsuite hostname="ABHISHEKs-MacBook-Air.local" failures="0" tests="3" name="program.FindDuplicates_From_Array" time="0.004" errors="0" timestamp="2024-09-15T09:03:59 IST" skipped="0">
  <testcase classname="program.FindDuplicates_From_Array" name="findDuplicates_UsingLoop" time="0.002"/>
  <system-out/>
  <testcase classname="program.FindDuplicates_From_Array" name="findDuplicates_UsingMap" time="0.001"/>
  <system-out/>
  <testcase classname="program.FindDuplicates_From_Array" name="findDuplicates_UsingSet" time="0.001"/>
  <system-out/>
</testsuite> <!-- program.FindDuplicates_From_Array -->
