<?xml version="1.0" encoding="UTF-8"?>
<!-- Generated by org.testng.reporters.JUnitReportReporter -->
<testsuite hostname="ABHISHEKs-MacBook-Air.local" failures="0" tests="1" name="program.ReverseString_PreservingPositionOfSpace" time="0.004" errors="0" timestamp="2024-09-16T00:41:50 IST" skipped="0">
  <testcase classname="program.ReverseString_PreservingPositionOfSpace" name="rev_String" time="0.004"/>
  <system-out/>
</testsuite> <!-- program.ReverseString_PreservingPositionOfSpace -->
