<?xml version="1.0" encoding="UTF-8"?>
<!-- Generated by org.testng.reporters.JUnitReportReporter -->
<testsuite hostname="ABHISHEKs-MacBook-Air.local" failures="0" tests="1" name="program.Perfect_Square" time="0.004" errors="0" timestamp="2024-09-15T23:43:48 IST" skipped="0">
  <testcase classname="program.Perfect_Square" name="perfectSquare" time="0.004"/>
  <system-out/>
</testsuite> <!-- program.Perfect_Square -->
