<?xml version="1.0" encoding="UTF-8"?>
<!-- Generated by org.testng.reporters.JUnitReportReporter -->
<testsuite hostname="ABHISHEKs-MacBook-Air.local" failures="0" tests="1" name="selenium.Assertion" time="22.999" errors="0" timestamp="2024-09-15T09:03:59 IST" skipped="0">
  <testcase classname="selenium.Assertion" name="ExplicitWait_Method" time="22.999"/>
  <system-out/>
</testsuite> <!-- selenium.Assertion -->
