<?xml version="1.0" encoding="UTF-8"?>
<!-- Generated by org.testng.reporters.JUnitReportReporter -->
<testsuite hostname="ABHISHEKs-MacBook-Air.local" failures="0" tests="1" name="selenium.FindBrokenLinks" time="25.778" errors="0" timestamp="2024-09-15T09:03:59 IST" skipped="0">
  <testcase classname="selenium.FindBrokenLinks" name="verifyLinks" time="25.778"/>
  <system-out/>
</testsuite> <!-- selenium.FindBrokenLinks -->
