<?xml version="1.0" encoding="UTF-8"?>
<!-- Generated by org.testng.reporters.JUnitReportReporter -->
<testsuite hostname="ABHISHEKs-MacBook-Air.local" failures="0" tests="1" name="program.Second_Lowest_From_Array" time="0.003" errors="0" timestamp="2024-09-15T09:03:59 IST" skipped="0">
  <testcase classname="program.Second_Lowest_From_Array" name="FindsecondLowest" time="0.003"/>
  <system-out/>
</testsuite> <!-- program.Second_Lowest_From_Array -->
